Flutter crash report.
Please report a bug at https://github.com/flutter/flutter/issues.

## command

flutter run -d web-server --web-port 50671 --web-hostname localhost

## exception

SocketException: SocketException: Read failed (OS Error: Input/output error, errno = 5), port = 0

```
#0      _NativeSocket.read (dart:io-patch/socket_patch.dart:1350:33)
#1      _RawSocket.read (dart:io-patch/socket_patch.dart:2390:26)
#2      _Socket._onData (dart:io-patch/socket_patch.dart:2911:28)
#3      _rootRunUnary (dart:async/zone.dart:1546:13)
#4      _CustomZone.runUnary (dart:async/zone.dart:1429:19)
#5      _CustomZone.runUnaryGuarded (dart:async/zone.dart:1329:7)
#6      _BufferingStreamSubscription._sendData (dart:async/stream_impl.dart:381:11)
#7      _BufferingStreamSubscription._add (dart:async/stream_impl.dart:312:7)
#8      _SyncStreamControllerDispatch._sendData (dart:async/stream_controller.dart:798:19)
#9      _StreamController._add (dart:async/stream_controller.dart:663:7)
#10     _StreamController.add (dart:async/stream_controller.dart:618:5)
#11     new _RawSocket.<anonymous closure> (dart:io-patch/socket_patch.dart:2331:31)
#12     _NativeSocket.issueReadEvent.issue (dart:io-patch/socket_patch.dart:1655:14)
#13     _microtaskLoop (dart:async/schedule_microtask.dart:40:35)
#14     _startMicrotaskLoop (dart:async/schedule_microtask.dart:49:5)
#15     _runPendingImmediateCallback (dart:isolate-patch/isolate_patch.dart:127:13)
#16     _RawReceivePort._handleMessage (dart:isolate-patch/isolate_patch.dart:194:5)
```

## flutter doctor

```
[✓] Flutter (Channel stable, 3.35.1, on macOS 26.2 25C5048a darwin-arm64, locale ru-NL) [273ms]
    • Flutter version 3.35.1 on channel stable at /Users/shark777/development/flutter
    • Upstream repository https://github.com/flutter/flutter.git
    • Framework revision 20f8274939 (4 months ago), 2025-08-14 10:53:09 -0700
    • Engine revision 1e9a811bf8
    • Dart version 3.9.0
    • DevTools version 2.48.0
    • Feature flags: enable-web, enable-linux-desktop, enable-macos-desktop, enable-windows-desktop, enable-android, enable-ios, cli-animations, enable-lldb-debugging

[✓] Android toolchain - develop for Android devices (Android SDK version 36.1.0-rc1) [2,7s]
    • Android SDK at /Users/shark777/Library/Android/sdk
    • Emulator version 36.1.9.0 (build_id 13823996) (CL:N/A)
    • Platform android-36, build-tools 36.1.0-rc1
    • Java binary at: /Applications/Android Studio.app/Contents/jbr/Contents/Home/bin/java
      This is the JDK bundled with the latest Android Studio installation on this machine.
      To manually set the JDK path, use: `flutter config --jdk-dir="path/to/jdk"`.
    • Java version OpenJDK Runtime Environment (build 21.0.6+-13391695-b895.109)
    • All Android licenses accepted.

[✓] Xcode - develop for iOS and macOS (Xcode 26.1.1) [1 345ms]
    • Xcode at /Applications/Xcode.app/Contents/Developer
    • Build 17B100
    • CocoaPods version 1.16.2

[✓] Chrome - develop for the web [4ms]
    • Chrome at /Applications/Google Chrome.app/Contents/MacOS/Google Chrome

[✓] Android Studio (version 2025.1) [4ms]
    • Android Studio at /Applications/Android Studio.app/Contents
    • Flutter plugin can be installed from:
      🔨 https://plugins.jetbrains.com/plugin/9212-flutter
    • Dart plugin can be installed from:
      🔨 https://plugins.jetbrains.com/plugin/6351-dart
    • Java version OpenJDK Runtime Environment (build 21.0.6+-13391695-b895.109)

[✓] Connected device (5 available) [7,2s]
    • iPhone16ProMax (wireless) (mobile) • 00008140-001C59C636E8801C            • ios            • iOS 26.0 23A340
    • iPhone 16 Pro Max (mobile)         • 842F6067-3E1C-4CFC-9AD8-943A4983AD89 • ios            • com.apple.CoreSimulator.SimRuntime.iOS-18-6 (simulator)
    • macOS (desktop)                    • macos                                • darwin-arm64   • macOS 26.2 25C5048a darwin-arm64
    • Web Server (web)                   • web-server                           • web-javascript • Flutter Tools
    • Chrome (web)                       • chrome                               • web-javascript • Google Chrome 142.0.7444.176
    ! Error: Browsing on the local area network for iPhone. Ensure the device is unlocked and attached with a cable or associated with the same local area network as this Mac.
      The device must be opted into Developer Mode to connect wirelessly. (code -27)

[✓] Network resources [313ms]
    • All expected network resources are available.

• No issues found!
```
